2020/10/20 11:06:02 [INFO] Terraform version: 0.13.4  
2020/10/20 11:06:02 [INFO] Go runtime version: go1.14.7
2020/10/20 11:06:02 [INFO] CLI args: []string{"/usr/bin/terraform", "plan"}
2020/10/20 11:06:02 [DEBUG] Attempting to open CLI config file: /home/mert/.terraformrc
2020/10/20 11:06:02 [DEBUG] File doesn't exist, but doesn't need to. Ignoring.
2020/10/20 11:06:02 Loading CLI configuration from /home/mert/.terraform.d/credentials.tfrc.json
2020/10/20 11:06:02 [DEBUG] ignoring non-existing provider search directory terraform.d/plugins
2020/10/20 11:06:02 [DEBUG] ignoring non-existing provider search directory /home/mert/.terraform.d/plugins
2020/10/20 11:06:02 [DEBUG] ignoring non-existing provider search directory /home/mert/.local/share/terraform/plugins
2020/10/20 11:06:02 [DEBUG] ignoring non-existing provider search directory /usr/share/ubuntu/terraform/plugins
2020/10/20 11:06:02 [DEBUG] ignoring non-existing provider search directory /usr/local/share/terraform/plugins
2020/10/20 11:06:02 [DEBUG] ignoring non-existing provider search directory /usr/share/terraform/plugins
2020/10/20 11:06:02 [DEBUG] ignoring non-existing provider search directory /var/lib/snapd/desktop/terraform/plugins
2020/10/20 11:06:02 [INFO] CLI command args: []string{"plan"}
2020/10/20 11:06:02 [TRACE] Meta.Backend: built configuration for "azurerm" backend with hash value 1278673520
2020/10/20 11:06:02 [TRACE] Preserving existing state lineage "5dfab7b2-c3c7-283b-8d6e-32a688e773b9"
2020/10/20 11:06:02 [TRACE] Preserving existing state lineage "5dfab7b2-c3c7-283b-8d6e-32a688e773b9"
2020/10/20 11:06:02 [TRACE] Meta.Backend: working directory was previously initialized for "azurerm" backend
2020/10/20 11:06:02 [TRACE] Meta.Backend: using already-initialized, unchanged "azurerm" backend configuration
2020/10/20 11:06:02 [DEBUG] Loading Environment "public"
2020/10/20 11:06:02 [TRACE] Meta.Backend: instantiated backend of type *azure.Backend
2020/10/20 11:06:02 [TRACE] providercache.fillMetaCache: scanning directory .terraform/plugins
2020/10/20 11:06:02 [TRACE] getproviders.SearchLocalDirectory: .terraform/plugins is a symlink to .terraform/plugins
2020/10/20 11:06:02 [TRACE] getproviders.SearchLocalDirectory: found registry.terraform.io/hashicorp/azurerm v2.20.0 for linux_amd64 at .terraform/plugins/registry.terraform.io/hashicorp/azurerm/2.20.0/linux_amd64
2020/10/20 11:06:02 [TRACE] providercache.fillMetaCache: including .terraform/plugins/registry.terraform.io/hashicorp/azurerm/2.20.0/linux_amd64 as a candidate package for registry.terraform.io/hashicorp/azurerm 2.20.0
2020/10/20 11:06:02 [DEBUG] checking for provisioner in "."
2020/10/20 11:06:02 [DEBUG] checking for provisioner in "/usr/bin"
2020/10/20 11:06:02 [INFO] Failed to read plugin lock file .terraform/plugins/linux_amd64/lock.json: open .terraform/plugins/linux_amd64/lock.json: no such file or directory
2020/10/20 11:06:02 [TRACE] Meta.Backend: backend *azure.Backend does not support operations, so wrapping it in a local backend
2020/10/20 11:06:02 [INFO] backend/local: starting Plan operation
2020/10/20 11:06:02 [TRACE] backend/local: requesting state manager for workspace "default"
2020/10/20 11:06:02 [TRACE] backend/local: requesting state lock for workspace "default"
panic: runtime error: invalid memory address or nil pointer dereference
[signal SIGSEGV: segmentation violation code=0x1 addr=0x10 pc=0x125b4f9]

goroutine 37 [running]:
github.com/hashicorp/terraform/backend/remote-state/azure.(*RemoteClient).Lock(0xc0006ce000, 0xc000122980, 0xc0006ce000, 0x7f32a465d088, 0xc0006ce000, 0x1)
	/home/circleci/project/project/backend/remote-state/azure/client.go:154 +0x279
github.com/hashicorp/terraform/states/remote.(*State).Lock(0xc000240360, 0xc000122980, 0x0, 0x0, 0x0, 0x0)
	/home/circleci/project/project/states/remote/state.go:208 +0xbd
github.com/hashicorp/terraform/states/statemgr.LockWithContext(0x2cefde0, 0xc0002403c0, 0x7f32a465d060, 0xc000240360, 0xc000122980, 0xc0006a88a0, 0xc0006a8890, 0x0, 0x463fc1)
	/home/circleci/project/project/states/statemgr/locker.go:76 +0x81
github.com/hashicorp/terraform/command/clistate.(*locker).Lock.func1(0xc00068add0, 0xc0006a8880)
	/home/circleci/project/project/command/clistate/state.go:116 +0x5b
github.com/hashicorp/terraform/helper/slowmessage.Do.func1(0xc000240420, 0xc00059b640)
	/home/circleci/project/project/helper/slowmessage/slowmessage.go:20 +0x27
created by github.com/hashicorp/terraform/helper/slowmessage.Do
	/home/circleci/project/project/helper/slowmessage/slowmessage.go:19 +0x77
